<?xml version="1.0" encoding="UTF-8"?>
<!-- Generated by org.testng.reporters.JUnitReportReporter -->
<testsuite hostname="DESKTOP-9DLGQV9" failures="0" tests="2" name="TestScripts.DashboardTest" time="19.268" errors="0" timestamp="2023-01-09T20:10:53 IST" skipped="0">
  <testcase classname="TestScripts.DashboardTest" name="loginTest" time="1.171"/>
  <system-out/>
  <testcase classname="TestScripts.DashboardTest" name="DashBoardTest" time="18.097"/>
  <system-out/>
</testsuite> <!-- TestScripts.DashboardTest -->
